<?xml version="1.0" encoding="UTF-8"?>
<!-- Generated by org.testng.reporters.JUnitXMLReporter -->
<testsuite ignored="0" hostname="DESKTOP-BF6O9SL" failures="0" tests="3" name="Default test" time="101.929" errors="0" timestamp="06 Jan 2019 12:51:00 GMT">
  <testcase classname="com.loginPage.UltimatixLoginPageActions" name="methodUltimatixLogin" time="33.516"/>
  <testcase classname="com.loginPage.UltimatixLoginPageActions" name="callingScreenshotCalss" time="6.583"/>
  <testcase classname="com.loginPage.UltimatixLoginPageActions" name="iEvolveActions" time="54.645"/>
</testsuite> <!-- Default test -->
